commit fc368466b4e013f3ead29281e3bdbc529fc4cbd6
Author: MelissaGraham <melissalynngraham@gmail.com>
Date:   Fri Jan 10 08:59:12 2020 -0800

    small ammendments

commit 2dda4876b673369ced70aa20aa1fab49b5ecb792
Author: MelissaGraham <melissalynngraham@gmail.com>
Date:   Thu Jan 9 17:18:29 2020 -0800

    added a note re footprints

commit 94fb7ae05d8413575802ba8f7c03ebbae3bfff77
Author: MelissaGraham <melissalynngraham@gmail.com>
Date:   Thu Jan 9 16:32:19 2020 -0800

    statments re. stamp size

commit 03f4fc1fb057d0e933429bb50fc30adb4d001518
Author: MelissaGraham <melissalynngraham@gmail.com>
Date:   Thu Jan 9 15:33:41 2020 -0800

    first draft ready for input

commit bb3678c4f91bf9edbaee332e4c09824e5b424389
Author: MelissaGraham <melissalynngraham@gmail.com>
Date:   Wed Jan 8 10:46:35 2020 -0800

    new S1

commit 1876b408d4d4370a55f67fe3400b96e0133e5ef0
Author: MelissaGraham <melissalynngraham@gmail.com>
Date:   Tue Jan 7 17:30:45 2020 -0800

    draft S5 done

commit 482ae6baca66879b92d0fa70c80f8cfc6ee655e5
Author: MelissaGraham <melissalynngraham@gmail.com>
Date:   Tue Jan 7 12:41:02 2020 -0800

    drafted S4

commit bfdf5c32ac3b2274c3347d6b246de6a89a96bcce
Author: MelissaGraham <melissalynngraham@gmail.com>
Date:   Tue Jan 7 11:23:17 2020 -0800

    added to S3, still not done tho

commit d79ad02294ad2b1e64eee9c83b77df3297a2b4fe
Author: MelissaGraham <melissalynngraham@gmail.com>
Date:   Fri Jan 3 16:20:30 2020 -0800

    first draft S2 completed

commit dccefbc066e8f7fbde3a1d2322d6780fb681b4dc
Author: MelissaGraham <melissalynngraham@gmail.com>
Date:   Fri Nov 22 14:19:34 2019 -0800

    Fri Nov 22 updates

commit f02fce16e95767f11a982502946d88415981d00f
Author: MelissaGraham <melissalynngraham@gmail.com>
Date:   Mon Nov 18 18:02:23 2019 -0800

    just saving monday's updates

commit 73c33627019fce45ac8a0e9a74d633a7b5b86919
Author: MelissaGraham <melissalynngraham@gmail.com>
Date:   Mon Nov 18 18:01:21 2019 -0800

    just saving monday's updates

commit e37eb5ecf0850c09e1eed51c41b83119f2b01871
Author: MelissaGraham <melissalynngraham@gmail.com>
Date:   Mon Nov 18 15:47:03 2019 -0800

    minor updates, work proceeds

commit 500542eb4bc6995d288cc0da33afe02958c5f87a
Author: MelissaGraham <melissalynngraham@gmail.com>
Date:   Fri Nov 15 15:23:43 2019 -0800

    added draft state warning

commit 6dc572a4b438b571694ecd5958523c6985ed171d
Author: MelissaGraham <melissalynngraham@gmail.com>
Date:   Fri Nov 15 15:19:51 2019 -0800

    initialized
